<?xml version="1.0" encoding="UTF-8"?>
<!-- Generated by org.testng.reporters.JUnitXMLReporter -->
<testsuite hostname="AMBIN03715" ignored="2" name="HomeTestParallel" tests="1" failures="0" timestamp="2021-03-19T17:12:36 IST" time="11.989" errors="0">
  <testcase name="registerLinkTest" time="7.068" classname="com.mapsync.tests.HomePageTest"/>
  <testcase name="verifyAllLink" time="0.0" classname="com.mapsync.tests.HomePageTest">
    <ignored/>
  </testcase> <!-- verifyAllLink -->
  <testcase name="loginTest" time="0.0" classname="com.mapsync.tests.SignInPageTest">
    <ignored/>
  </testcase> <!-- loginTest -->
</testsuite> <!-- HomeTestParallel -->
