<?xml version="1.0" encoding="UTF-8"?>
<!-- Generated by org.testng.reporters.JUnitXMLReporter -->
<testsuite hostname="AMBIN03715" ignored="2" name="HomeTest" tests="1" failures="0" timestamp="2021-03-19T17:13:49 IST" time="19.851" errors="0">
  <testcase name="verifyAllLink" time="15.884" classname="com.mapsync.tests.HomePageTest"/>
  <testcase name="registerLinkTest" time="0.0" classname="com.mapsync.tests.HomePageTest">
    <ignored/>
  </testcase> <!-- registerLinkTest -->
  <testcase name="loginTest" time="0.0" classname="com.mapsync.tests.SignInPageTest">
    <ignored/>
  </testcase> <!-- loginTest -->
</testsuite> <!-- HomeTest -->
