<?xml version="1.0" encoding="UTF-8"?>
<testng-results skipped="0" failed="0" ignored="0" total="1" passed="1">
  <reporter-output>
  </reporter-output>
  <suite name="MapSync Application Test" duration-ms="10531" started-at="2021-03-16T00:19:49 IST" finished-at="2021-03-16T00:20:00 IST">
    <groups>
      <group name="Homepage">
        <method signature="HomePageTest.registerLinkTest()[pri:0, instance:com.mapsync.tests.HomePageTest@2173f6d9]" name="registerLinkTest" class="com.mapsync.tests.HomePageTest"/>
      </group> <!-- Homepage -->
    </groups>
    <test name="HomeTest" duration-ms="10531" started-at="2021-03-16T00:19:49 IST" finished-at="2021-03-16T00:20:00 IST">
      <class name="com.mapsync.tests.HomePageTest">
        <test-method status="PASS" signature="initialize(java.lang.reflect.Method)[pri:0, instance:com.mapsync.tests.HomePageTest@2173f6d9]" name="initialize" is-config="true" duration-ms="4012" started-at="2021-03-16T00:19:49 IST" finished-at="2021-03-16T00:19:53 IST">
          <params>
            <param index="0">
              <value>
                <![CDATA[public void com.mapsync.tests.HomePageTest.registerLinkTest()]]>
              </value>
            </param>
          </params>
          <reporter-output>
          </reporter-output>
        </test-method> <!-- initialize -->
        <test-method status="PASS" signature="registerLinkTest()[pri:0, instance:com.mapsync.tests.HomePageTest@2173f6d9]" name="registerLinkTest" duration-ms="6224" started-at="2021-03-16T00:19:53 IST" finished-at="2021-03-16T00:19:59 IST">
          <reporter-output>
          </reporter-output>
        </test-method> <!-- registerLinkTest -->
        <test-method status="PASS" signature="tearDown()[pri:0, instance:com.mapsync.tests.HomePageTest@2173f6d9]" name="tearDown" is-config="true" duration-ms="103" started-at="2021-03-16T00:19:59 IST" finished-at="2021-03-16T00:19:59 IST">
          <reporter-output>
          </reporter-output>
        </test-method> <!-- tearDown -->
        <test-method status="PASS" signature="getResult(org.testng.ITestResult)[pri:0, instance:com.mapsync.tests.HomePageTest@2173f6d9]" name="getResult" is-config="true" duration-ms="166" started-at="2021-03-16T00:19:59 IST" finished-at="2021-03-16T00:20:00 IST">
          <params>
            <param index="0">
              <value>
                <![CDATA[[TestResult name=registerLinkTest status=SUCCESS method=HomePageTest.registerLinkTest()[pri:0, instance:com.mapsync.tests.HomePageTest@2173f6d9] output={null}]]]>
              </value>
            </param>
          </params>
          <reporter-output>
          </reporter-output>
        </test-method> <!-- getResult -->
      </class> <!-- com.mapsync.tests.HomePageTest -->
    </test> <!-- HomeTest -->
  </suite> <!-- MapSync Application Test -->
</testng-results>
